<?xml version="1.0" encoding="UTF-8"?>
<!-- Generated by org.testng.reporters.JUnitReportReporter -->
<testsuite hostname="LTIN522769" failures="0" tests="5" name="hackthon1.Hack1" time="39.743" errors="0" timestamp="2025-01-22T15:01:52 IST" skipped="0">
  <testcase classname="hackthon1.Hack1" name="testScrollAndClickBookshelves" time="5.207"/>
  <testcase classname="hackthon1.Hack1" name="testHandlePriceSlider" time="4.931"/>
  <testcase classname="hackthon1.Hack1" name="testExtractBookshelves" time="3.113"/>
  <testcase classname="hackthon1.Hack1" name="testRetrieveSubMenuItems" time="2.207"/>
  <testcase classname="hackthon1.Hack1" name="testCaptureErrorMessage" time="24.285"/>
</testsuite> <!-- hackthon1.Hack1 -->
