<?xml version="1.0" encoding="UTF-8"?>
<!-- Generated by org.testng.reporters.JUnitReportReporter -->
<testsuite hostname="LTIN522769" failures="0" tests="1" name="miniproject.Miniproject1Test" time="36.432" errors="0" timestamp="2025-01-16T09:27:39 IST" skipped="0">
  <testcase classname="miniproject.Miniproject1Test" name="testPepperfry" time="36.432"/>
</testsuite> <!-- miniproject.Miniproject1Test -->
